<?xml version="1.0" encoding="UTF-8"?>
<testsuite xmlns:xsi="http://www.w3.org/2001/XMLSchema-instance" xsi:noNamespaceSchemaLocation="https://maven.apache.org/surefire/maven-surefire-plugin/xsd/surefire-test-report.xsd" name="TestSuite" time="23.77" tests="4" errors="0" skipped="0" failures="0">
  <properties>
[...]
</properties>
  <testcase name="verifyAutomationlink" classname="com.tricentis.automation.scripts.fieldVerification.HomePageTests" time="1.265"/>
  <testcase name="verifyCamperlink" classname="com.tricentis.automation.scripts.fieldVerification.HomePageTests" time="0"/>
  <testcase name="verifyMotorCyclelink" classname="com.tricentis.automation.scripts.fieldVerification.HomePageTests" time="0"/>
  <testcase name="verifyTrucklink" classname="com.tricentis.automation.scripts.fieldVerification.HomePageTests" time="0.591"/>
</testsuite>