<?xml version="1.0" encoding="UTF-8"?>
<testng-results skipped="0" failed="0" ignored="0" total="4" passed="4">
  <reporter-output>
  </reporter-output>
  <suite name="Suite" duration-ms="23018" started-at="2020-03-09T03:55:56Z" finished-at="2020-03-09T03:56:19Z">
    <groups>
    </groups>
    <test name="Test" duration-ms="23018" started-at="2020-03-09T03:55:56Z" finished-at="2020-03-09T03:56:19Z">
      <class name="com.tricentis.automation.scripts.fieldVerification.HomePageTests">
        <test-method status="PASS" signature="suiteInitializer()[pri:0, instance:com.tricentis.automation.scripts.fieldVerification.HomePageTests@15975490]" name="suiteInitializer" is-config="true" duration-ms="31" started-at="2020-03-09T09:25:56Z" finished-at="2020-03-09T09:25:56Z">
          <reporter-output>
          </reporter-output>
        </test-method> <!-- suiteInitializer -->
        <test-method status="PASS" signature="initialize(java.lang.String)[pri:0, instance:com.tricentis.automation.scripts.fieldVerification.HomePageTests@15975490]" name="initialize" is-config="true" duration-ms="20482" started-at="2020-03-09T09:25:56Z" finished-at="2020-03-09T09:26:16Z">
          <params>
            <param index="0">
              <value>
                <![CDATA[Chrome]]>
              </value>
            </param>
          </params>
          <reporter-output>
          </reporter-output>
        </test-method> <!-- initialize -->
        <test-method status="PASS" signature="verifyAutomationlink()[pri:0, instance:com.tricentis.automation.scripts.fieldVerification.HomePageTests@15975490]" name="verifyAutomationlink" duration-ms="1265" started-at="2020-03-09T09:26:16Z" finished-at="2020-03-09T09:26:17Z">
          <reporter-output>
          </reporter-output>
        </test-method> <!-- verifyAutomationlink -->
        <test-method status="PASS" signature="verifyCamperlink()[pri:0, instance:com.tricentis.automation.scripts.fieldVerification.HomePageTests@15975490]" name="verifyCamperlink" duration-ms="0" started-at="2020-03-09T09:26:17Z" finished-at="2020-03-09T09:26:17Z">
          <reporter-output>
          </reporter-output>
        </test-method> <!-- verifyCamperlink -->
        <test-method status="PASS" signature="verifyTrucklink()[pri:0, instance:com.tricentis.automation.scripts.fieldVerification.HomePageTests@15975490]" name="verifyTrucklink" duration-ms="592" started-at="2020-03-09T09:26:17Z" finished-at="2020-03-09T09:26:18Z">
          <reporter-output>
          </reporter-output>
        </test-method> <!-- verifyTrucklink -->
        <test-method status="PASS" signature="verifyMotorCyclelink()[pri:0, instance:com.tricentis.automation.scripts.fieldVerification.HomePageTests@15975490]" name="verifyMotorCyclelink" duration-ms="0" started-at="2020-03-09T09:26:17Z" finished-at="2020-03-09T09:26:17Z">
          <reporter-output>
          </reporter-output>
        </test-method> <!-- verifyMotorCyclelink -->
        <test-method status="PASS" signature="tearDown()[pri:0, instance:com.tricentis.automation.scripts.fieldVerification.HomePageTests@15975490]" name="tearDown" is-config="true" duration-ms="668" started-at="2020-03-09T09:26:18Z" finished-at="2020-03-09T09:26:19Z">
          <reporter-output>
          </reporter-output>
        </test-method> <!-- tearDown -->
      </class> <!-- com.tricentis.automation.scripts.fieldVerification.HomePageTests -->
    </test> <!-- Test -->
  </suite> <!-- Suite -->
</testng-results>
